Determining if the pthread_create exist failed with the following output:
Change Dir: /home/gavin/ROS_ws/carto_ws/build_isolated/cartographer_rviz/CMakeFiles/CMakeTmp

Run Build Command:"/usr/bin/ninja" "cmTC_f3e86"
[1/2] Building C object CMakeFiles/cmTC_f3e86.dir/CheckSymbolExists.c.o
[2/2] Linking C executable cmTC_f3e86
FAILED: cmTC_f3e86 
: && /usr/bin/cc   -rdynamic CMakeFiles/cmTC_f3e86.dir/CheckSymbolExists.c.o  -o cmTC_f3e86   && :
CMakeFiles/cmTC_f3e86.dir/CheckSymbolExists.c.o：在函数‘main’中：
CheckSymbolExists.c:(.text+0x1b)：对‘pthread_create’未定义的引用
collect2: error: ld returned 1 exit status
ninja: build stopped: subcommand failed.

File /home/gavin/ROS_ws/carto_ws/build_isolated/cartographer_rviz/CMakeFiles/CMakeTmp/CheckSymbolExists.c:
/* */
#include <pthread.h>

int main(int argc, char** argv)
{
  (void)argv;
#ifndef pthread_create
  return ((int*)(&pthread_create))[argc];
#else
  (void)argc;
  return 0;
#endif
}

Determining if the function pthread_create exists in the pthreads failed with the following output:
Change Dir: /home/gavin/ROS_ws/carto_ws/build_isolated/cartographer_rviz/CMakeFiles/CMakeTmp

Run Build Command:"/usr/bin/ninja" "cmTC_93e78"
[1/2] Building C object CMakeFiles/cmTC_93e78.dir/CheckFunctionExists.c.o
[2/2] Linking C executable cmTC_93e78
FAILED: cmTC_93e78 
: && /usr/bin/cc -DCHECK_FUNCTION_EXISTS=pthread_create  -rdynamic CMakeFiles/cmTC_93e78.dir/CheckFunctionExists.c.o  -o cmTC_93e78  -lpthreads && :
/usr/bin/ld: 找不到 -lpthreads
collect2: error: ld returned 1 exit status
ninja: build stopped: subcommand failed.


