Determining if the pthread_create exist failed with the following output:
Change Dir: /home/gavin/ROS_ws/carto_ws/build_isolated/ceres-solver/install/CMakeFiles/CMakeTmp

Run Build Command:"/usr/bin/ninja" "cmTC_ec540"
[1/2] Building C object CMakeFiles/cmTC_ec540.dir/CheckSymbolExists.c.o
[2/2] Linking C executable cmTC_ec540
FAILED: cmTC_ec540 
: && /usr/bin/cc   -rdynamic CMakeFiles/cmTC_ec540.dir/CheckSymbolExists.c.o  -o cmTC_ec540   && :
CMakeFiles/cmTC_ec540.dir/CheckSymbolExists.c.o：在函数‘main’中：
CheckSymbolExists.c:(.text+0x1b)：对‘pthread_create’未定义的引用
collect2: error: ld returned 1 exit status
ninja: build stopped: subcommand failed.

File /home/gavin/ROS_ws/carto_ws/build_isolated/ceres-solver/install/CMakeFiles/CMakeTmp/CheckSymbolExists.c:
/* */
#include <pthread.h>

int main(int argc, char** argv)
{
  (void)argv;
#ifndef pthread_create
  return ((int*)(&pthread_create))[argc];
#else
  (void)argc;
  return 0;
#endif
}

Determining if the function pthread_create exists in the pthreads failed with the following output:
Change Dir: /home/gavin/ROS_ws/carto_ws/build_isolated/ceres-solver/install/CMakeFiles/CMakeTmp

Run Build Command:"/usr/bin/ninja" "cmTC_fe5de"
[1/2] Building C object CMakeFiles/cmTC_fe5de.dir/CheckFunctionExists.c.o
[2/2] Linking C executable cmTC_fe5de
FAILED: cmTC_fe5de 
: && /usr/bin/cc -DCHECK_FUNCTION_EXISTS=pthread_create  -rdynamic CMakeFiles/cmTC_fe5de.dir/CheckFunctionExists.c.o  -o cmTC_fe5de  -lpthreads && :
/usr/bin/ld: 找不到 -lpthreads
collect2: error: ld returned 1 exit status
ninja: build stopped: subcommand failed.


